#
# A fatal error has been detected by the Java Runtime Environment:
#
#  EXCEPTION_ACCESS_VIOLATION (0xc0000005) at pc=0x00007ffdbfa8cbae, pid=20324, tid=7828
#
# JRE version: Java(TM) SE Runtime Environment (14.0.2+12) (build 14.0.2+12-46)
# Java VM: Java HotSpot(TM) 64-Bit Server VM (14.0.2+12-46, mixed mode, sharing, tiered, compressed oops, g1 gc, windows-amd64)
# Problematic frame:
# C  [nvoglv64.dll+0x10dcbae]
#
# No core dump will be written. Minidumps are not enabled by default on client versions of Windows
#
# If you would like to submit a bug report, please visit:
#   https://bugreport.java.com/bugreport/crash.jsp
# The crash happened outside the Java Virtual Machine in native code.
# See problematic frame for where to report the bug.
#

---------------  S U M M A R Y ------------

Command Line: -Djava.library.path=F:\eclipse\workspace\EngineGame\lib\natives -Dfile.encoding=Cp1252 -XX:+ShowCodeDetailsInExceptionMessages engineTester.MainMenu

Host: Intel(R) Core(TM) i7-4500U CPU @ 1.80GHz, 4 cores, 7G,  Windows 10 , 64 bit Build 19041 (10.0.19041.804)
Time: Fri Mar 19 11:36:34 2021 Mitteleuropäische Zeit elapsed time: 18 seconds (0d 0h 0m 18s)

---------------  T H R E A D  ---------------

Current thread (0x000002111fa2c000):  JavaThread "main" [_thread_in_native, id=7828, stack(0x00000084a3a00000,0x00000084a3b00000)]

Stack: [0x00000084a3a00000,0x00000084a3b00000],  sp=0x00000084a3afea68,  free space=1018k
Native frames: (J=compiled Java code, j=interpreted, Vv=VM code, C=native code)
C  [nvoglv64.dll+0x10dcbae]

Java frames: (J=compiled Java code, j=interpreted, Vv=VM code)
J 801  org.lwjgl.opengl.GL11.nglDrawArrays(IIIJ)V (0 bytes) @ 0x00000211314fd7fe [0x00000211314fd7a0+0x000000000000005e]
J 798 c1 fontRendering.FontRenderer.renderText(LfontMeshCreator/GUIText;)V (59 bytes) @ 0x000002112a0d2dcc [0x000002112a0d1760+0x000000000000166c]
j  fontRendering.FontRenderer.render(Ljava/util/Map;)V+79
j  fontRendering.TextMaster.render()V+6
j  engineTester.TransparencyTestMain.update()V+157
j  engineTester.TransparencyTestMain.loadScene()V+1160
j  engineTester.MainMenu.update()V+27
j  engineTester.MainMenu.main([Ljava/lang/String;)V+312
v  ~StubRoutines::call_stub

siginfo: EXCEPTION_ACCESS_VIOLATION (0xc0000005), reading address 0x0000000000000000


Register to memory mapping:

RIP=0x00007ffdbfa8cbae nvoglv64.dll
RAX=0x0000021143ed29a4 points into unknown readable memory: 00 00 00 00
RBX=0x0000000000000280 is an unknown value
RCX=0x0000000000000240 is an unknown value
RDX=0xfffffdeebc12d65c is an unknown value
RSP=0x00000084a3afea68 is pointing into the stack for thread: 0x000002111fa2c000
RBP=0x0000000000000003 is an unknown value
RSI=0x0 is NULL
RDI=0x0000021143ed29a4 points into unknown readable memory: 00 00 00 00
R8 =0x0000000000000240 is an unknown value
R9 =0x0000000000000024 is an unknown value
R10=0x0 is NULL
R11=0x0000021143ed29a4 points into unknown readable memory: 00 00 00 00
R12=0x0 is NULL
R13=0x00007ffdbe9b0000 nvoglv64.dll
R14=0x0 is NULL
R15=0x00000211413b4ed8 points into unknown readable memory: 05 00 00 00 00 00 00 00


Registers:
RAX=0x0000021143ed29a4, RBX=0x0000000000000280, RCX=0x0000000000000240, RDX=0xfffffdeebc12d65c
RSP=0x00000084a3afea68, RBP=0x0000000000000003, RSI=0x0000000000000000, RDI=0x0000021143ed29a4
R8 =0x0000000000000240, R9 =0x0000000000000024, R10=0x0000000000000000, R11=0x0000021143ed29a4
R12=0x0000000000000000, R13=0x00007ffdbe9b0000, R14=0x0000000000000000, R15=0x00000211413b4ed8
RIP=0x00007ffdbfa8cbae, EFLAGS=0x0000000000010202

Top of Stack: (sp=0x00000084a3afea68)
0x00000084a3afea68:   0000000000000024 0000021143ed29a4
0x00000084a3afea78:   00007ffdbf4dbf3c 00000211413b4080
0x00000084a3afea88:   00007ffdbf348844 000000df673c29fa
0x00000084a3afea98:   00007ffdbf34badb 0000000000000000
0x00000084a3afeaa8:   0000000000000000 0000000000000000
0x00000084a3afeab8:   000000000024810b 00000211413b4ed8
0x00000084a3afeac8:   00007ffdbf4dce4b 00000211413b4080
0x00000084a3afead8:   0000000000000004 0000000000000024
0x00000084a3afeae8:   0000000000000000 000002111fa2c000
0x00000084a3afeaf8:   00000084a3afeb80 000002112a0ba9fc
0x00000084a3afeb08:   0000000000000000 00007ffdbf42bbd0
0x00000084a3afeb18:   00000211314fd89e 00007ffdbf42bbd0
0x00000084a3afeb28:   00000084a3afeb90 0000000000000024
0x00000084a3afeb38:   00007ffd00000000 0000000000000024
0x00000084a3afeb48:   00007ffdbf42bbd0 000002111fa2c000
0x00000084a3afeb58:   00000084a3afee30 00000211000000b8 

Instructions: (pc=0x00007ffdbfa8cbae)
0x00007ffdbfa8caae:   cc cc cc cc cc cc cc cc 66 66 0f 1f 84 00 00 00
0x00007ffdbfa8cabe:   00 00 48 2b d1 49 83 f8 08 72 22 f6 c1 07 74 14
0x00007ffdbfa8cace:   66 90 8a 01 3a 04 11 75 2c 48 ff c1 49 ff c8 f6
0x00007ffdbfa8cade:   c1 07 75 ee 4d 8b c8 49 c1 e9 03 75 1f 4d 85 c0
0x00007ffdbfa8caee:   74 0f 8a 01 3a 04 11 75 0c 48 ff c1 49 ff c8 75
0x00007ffdbfa8cafe:   f1 48 33 c0 c3 1b c0 83 d8 ff c3 90 49 c1 e9 02
0x00007ffdbfa8cb0e:   74 37 48 8b 01 48 3b 04 11 75 5b 48 8b 41 08 48
0x00007ffdbfa8cb1e:   3b 44 11 08 75 4c 48 8b 41 10 48 3b 44 11 10 75
0x00007ffdbfa8cb2e:   3d 48 8b 41 18 48 3b 44 11 18 75 2e 48 83 c1 20
0x00007ffdbfa8cb3e:   49 ff c9 75 cd 49 83 e0 1f 4d 8b c8 49 c1 e9 03
0x00007ffdbfa8cb4e:   74 9b 48 8b 01 48 3b 04 11 75 1b 48 83 c1 08 49
0x00007ffdbfa8cb5e:   ff c9 75 ee 49 83 e0 07 eb 83 48 83 c1 08 48 83
0x00007ffdbfa8cb6e:   c1 08 48 83 c1 08 48 8b 0c 0a 48 0f c8 48 0f c9
0x00007ffdbfa8cb7e:   48 3b c1 1b c0 83 d8 ff c3 cc cc cc cc cc cc cc
0x00007ffdbfa8cb8e:   cc cc cc cc cc cc cc cc 66 66 0f 1f 84 00 00 00
0x00007ffdbfa8cb9e:   00 00 57 56 49 8b c3 48 8b f9 49 8b c8 49 8b f2
0x00007ffdbfa8cbae:   f3 a4 5e 5f c3 cc cc cc cc cc cc 0f 1f 80 00 00
0x00007ffdbfa8cbbe:   00 00 4c 8b d9 4c 8b d2 49 83 f8 10 76 54 49 83
0x00007ffdbfa8cbce:   f8 20 76 2e 48 2b d1 73 0d 4b 8d 04 10 48 3b c8
0x00007ffdbfa8cbde:   0f 82 dc 02 00 00 49 81 f8 80 00 00 00 0f 86 0f
0x00007ffdbfa8cbee:   02 00 00 f6 05 30 50 5c 01 02 0f 84 52 01 00 00
0x00007ffdbfa8cbfe:   eb a0 0f 10 02 42 0f 10 4c 02 f0 0f 11 01 42 0f
0x00007ffdbfa8cc0e:   11 4c 01 f0 48 8b c1 c3 66 66 0f 1f 84 00 00 00
0x00007ffdbfa8cc1e:   00 00 48 8b c1 4c 8d 0d d6 33 f2 fe 43 8b 8c 81
0x00007ffdbfa8cc2e:   10 9a 7e 02 49 03 c9 ff e1 66 0f 1f 84 00 00 00
0x00007ffdbfa8cc3e:   00 00 c3 0f b7 0a 66 89 08 c3 48 8b 0a 48 89 08
0x00007ffdbfa8cc4e:   c3 0f b7 0a 44 0f b6 42 02 66 89 08 44 88 40 02
0x00007ffdbfa8cc5e:   c3 0f b6 0a 88 08 c3 f3 0f 6f 02 f3 0f 7f 00 c3
0x00007ffdbfa8cc6e:   66 90 4c 8b 02 0f b7 4a 08 44 0f b6 4a 0a 4c 89
0x00007ffdbfa8cc7e:   00 66 89 48 08 44 88 48 0a c3 8b 0a 89 08 c3 0f
0x00007ffdbfa8cc8e:   1f 00 8b 0a 44 0f b6 42 04 89 08 44 88 40 04 c3
0x00007ffdbfa8cc9e:   66 90 8b 0a 44 0f b7 42 04 89 08 66 44 89 40 04 


Stack slot to memory mapping:
stack at sp + 0 slots: 0x0000000000000024 is an unknown value
stack at sp + 1 slots: 0x0000021143ed29a4 points into unknown readable memory: 00 00 00 00
stack at sp + 2 slots: 0x00007ffdbf4dbf3c nvoglv64.dll
stack at sp + 3 slots: 0x00000211413b4080 points into unknown readable memory: 00 00 00 00 00 00 00 00
stack at sp + 4 slots: 0x00007ffdbf348844 nvoglv64.dll
stack at sp + 5 slots: 0x000000df673c29fa is an unknown value
stack at sp + 6 slots: 0x00007ffdbf34badb nvoglv64.dll
stack at sp + 7 slots: 0x0 is NULL


---------------  P R O C E S S  ---------------

Threads class SMR info:
_java_thread_list=0x0000021143c295f0, length=13, elements={
0x000002111fa2c000, 0x000002114013c800, 0x000002114013e000, 0x000002114015a800,
0x000002114015d800, 0x0000021140160000, 0x0000021140161000, 0x00000211401aa800,
0x00000211401ad800, 0x0000021140bec000, 0x0000021140bf7800, 0x000002114c5c7000,
0x000002114c539800
}

Java Threads: ( => current thread )
=>0x000002111fa2c000 JavaThread "main" [_thread_in_native, id=7828, stack(0x00000084a3a00000,0x00000084a3b00000)]
  0x000002114013c800 JavaThread "Reference Handler" daemon [_thread_blocked, id=20908, stack(0x00000084a4100000,0x00000084a4200000)]
  0x000002114013e000 JavaThread "Finalizer" daemon [_thread_blocked, id=9788, stack(0x00000084a4200000,0x00000084a4300000)]
  0x000002114015a800 JavaThread "Signal Dispatcher" daemon [_thread_blocked, id=16092, stack(0x00000084a4300000,0x00000084a4400000)]
  0x000002114015d800 JavaThread "Attach Listener" daemon [_thread_blocked, id=8100, stack(0x00000084a4400000,0x00000084a4500000)]
  0x0000021140160000 JavaThread "Service Thread" daemon [_thread_blocked, id=10772, stack(0x00000084a4500000,0x00000084a4600000)]
  0x0000021140161000 JavaThread "C2 CompilerThread0" daemon [_thread_blocked, id=22060, stack(0x00000084a4600000,0x00000084a4700000)]
  0x00000211401aa800 JavaThread "C1 CompilerThread0" daemon [_thread_blocked, id=14468, stack(0x00000084a4700000,0x00000084a4800000)]
  0x00000211401ad800 JavaThread "Sweeper thread" daemon [_thread_blocked, id=11196, stack(0x00000084a4800000,0x00000084a4900000)]
  0x0000021140bec000 JavaThread "Notification Thread" daemon [_thread_blocked, id=7664, stack(0x00000084a4900000,0x00000084a4a00000)]
  0x0000021140bf7800 JavaThread "Common-Cleaner" daemon [_thread_blocked, id=7980, stack(0x00000084a4b00000,0x00000084a4c00000)]
  0x000002114c5c7000 JavaThread "LWJGL Timer" daemon [_thread_blocked, id=3932, stack(0x00000084a5900000,0x00000084a5a00000)]
  0x000002114c539800 JavaThread "Java2D Disposer" daemon [_thread_blocked, id=19472, stack(0x00000084a5b00000,0x00000084a5c00000)]

Other Threads:
  0x000002114013c000 VMThread "VM Thread" [stack: 0x00000084a4000000,0x00000084a4100000] [id=4140]
  0x0000021140bf4800 WatcherThread [stack: 0x00000084a4a00000,0x00000084a4b00000] [id=18840]
  0x000002111fa6b000 GCTaskThread "GC Thread#0" [stack: 0x00000084a3b00000,0x00000084a3c00000] [id=13856]
  0x000002114c114000 GCTaskThread "GC Thread#1" [stack: 0x00000084a5500000,0x00000084a5600000] [id=11492]
  0x000002114c116800 GCTaskThread "GC Thread#2" [stack: 0x00000084a5600000,0x00000084a5700000] [id=14116]
  0x000002111fa7d800 ConcurrentGCThread "G1 Main Marker" [stack: 0x00000084a3c00000,0x00000084a3d00000] [id=18704]
  0x000002111fa81800 ConcurrentGCThread "G1 Conc#0" [stack: 0x00000084a3d00000,0x00000084a3e00000] [id=9052]
  0x000002111fb0b000 ConcurrentGCThread "G1 Refine#0" [stack: 0x00000084a3e00000,0x00000084a3f00000] [id=12640]
  0x000002114c53a800 ConcurrentGCThread "G1 Refine#1" [stack: 0x00000084a5400000,0x00000084a5500000] [id=20860]
  0x000002114c685000 ConcurrentGCThread "G1 Refine#2" [stack: 0x00000084a5700000,0x00000084a5800000] [id=5544]
  0x000002114cab2000 ConcurrentGCThread "G1 Refine#3" [stack: 0x00000084a5800000,0x00000084a5900000] [id=15124]
  0x000002113ffb4800 ConcurrentGCThread "G1 Young RemSet Sampling" [stack: 0x00000084a3f00000,0x00000084a4000000] [id=18456]

Threads with active compile tasks:

VM state:not at safepoint (normal execution)

VM Mutex/Monitor currently owned by a thread: None

Heap address: 0x0000000081e00000, size: 2018 MB, Compressed Oops mode: 32-bit
Narrow klass base: 0x0000000800000000, Narrow klass shift: 3
Compressed class space size: 1073741824 Address: 0x0000000800b30000

Heap:
 garbage-first heap   total 157696K, used 71834K [0x0000000081e00000, 0x0000000100000000)
  region size 1024K, 49 young (50176K), 7 survivors (7168K)
 Metaspace       used 5483K, capacity 6584K, committed 6784K, reserved 1056768K
  class space    used 418K, capacity 569K, committed 640K, reserved 1048576K
Heap Regions: E=young(eden), S=young(survivor), O=old, HS=humongous(starts), HC=humongous(continues), CS=collection set, F=free, OA=open archive, CA=closed archive, TAMS=top-at-mark-start (previous, next)
|   0|0x0000000081e00000, 0x0000000081f00000, 0x0000000081f00000|100%| O|  |TAMS 0x0000000081e00000, 0x0000000081e00000| Untracked 
|   1|0x0000000081f00000, 0x0000000082000000, 0x0000000082000000|100%| O|  |TAMS 0x0000000081f00000, 0x0000000081f00000| Untracked 
|   2|0x0000000082000000, 0x0000000082100000, 0x0000000082100000|100%|HS|  |TAMS 0x0000000082000000, 0x0000000082000000| Complete 
|   3|0x0000000082100000, 0x0000000082200000, 0x0000000082200000|100%|HS|  |TAMS 0x0000000082100000, 0x0000000082100000| Complete 
|   4|0x0000000082200000, 0x0000000082300000, 0x0000000082300000|100%|HS|  |TAMS 0x0000000082200000, 0x0000000082200000| Complete 
|   5|0x0000000082300000, 0x0000000082400000, 0x0000000082400000|100%|HS|  |TAMS 0x0000000082300000, 0x0000000082300000| Complete 
|   6|0x0000000082400000, 0x0000000082500000, 0x0000000082500000|100%|HC|  |TAMS 0x0000000082400000, 0x0000000082400000| Complete 
|   7|0x0000000082500000, 0x0000000082600000, 0x0000000082600000|100%|HS|  |TAMS 0x0000000082500000, 0x0000000082500000| Complete 
|   8|0x0000000082600000, 0x0000000082700000, 0x0000000082700000|100%|HS|  |TAMS 0x0000000082600000, 0x0000000082600000| Complete 
|   9|0x0000000082700000, 0x0000000082800000, 0x0000000082800000|100%| O|  |TAMS 0x0000000082700000, 0x0000000082700000| Untracked 
|  10|0x0000000082800000, 0x0000000082900000, 0x0000000082900000|100%| O|  |TAMS 0x0000000082800000, 0x0000000082800000| Untracked 
|  11|0x0000000082900000, 0x0000000082a00000, 0x0000000082a00000|100%| O|  |TAMS 0x0000000082900000, 0x0000000082900000| Untracked 
|  12|0x0000000082a00000, 0x0000000082b00000, 0x0000000082b00000|100%| O|  |TAMS 0x0000000082a00000, 0x0000000082a00000| Untracked 
|  13|0x0000000082b00000, 0x0000000082bad200, 0x0000000082c00000| 67%| O|  |TAMS 0x0000000082b00000, 0x0000000082b00000| Untracked 
|  14|0x0000000082c00000, 0x0000000082d00000, 0x0000000082d00000|100%|HS|  |TAMS 0x0000000082c00000, 0x0000000082c00000| Complete 
|  15|0x0000000082d00000, 0x0000000082e00000, 0x0000000082e00000|100%|HC|  |TAMS 0x0000000082d00000, 0x0000000082d00000| Complete 
|  16|0x0000000082e00000, 0x0000000082f00000, 0x0000000082f00000|100%|HS|  |TAMS 0x0000000082e00000, 0x0000000082e00000| Complete 
|  17|0x0000000082f00000, 0x0000000083000000, 0x0000000083000000|100%|HS|  |TAMS 0x0000000082f00000, 0x0000000082f00000| Complete 
|  18|0x0000000083000000, 0x0000000083100000, 0x0000000083100000|100%|HC|  |TAMS 0x0000000083000000, 0x0000000083000000| Complete 
|  19|0x0000000083100000, 0x0000000083100000, 0x0000000083200000|  0%| F|  |TAMS 0x0000000083100000, 0x0000000083100000| Untracked 
|  20|0x0000000083200000, 0x0000000083200000, 0x0000000083300000|  0%| F|  |TAMS 0x0000000083200000, 0x0000000083200000| Untracked 
|  21|0x0000000083300000, 0x0000000083300000, 0x0000000083400000|  0%| F|  |TAMS 0x0000000083300000, 0x0000000083300000| Untracked 
|  22|0x0000000083400000, 0x0000000083400000, 0x0000000083500000|  0%| F|  |TAMS 0x0000000083400000, 0x0000000083400000| Untracked 
|  23|0x0000000083500000, 0x0000000083500000, 0x0000000083600000|  0%| F|  |TAMS 0x0000000083500000, 0x0000000083500000| Untracked 
|  24|0x0000000083600000, 0x0000000083600000, 0x0000000083700000|  0%| F|  |TAMS 0x0000000083600000, 0x0000000083600000| Untracked 
|  25|0x0000000083700000, 0x0000000083700000, 0x0000000083800000|  0%| F|  |TAMS 0x0000000083700000, 0x0000000083700000| Untracked 
|  26|0x0000000083800000, 0x0000000083800000, 0x0000000083900000|  0%| F|  |TAMS 0x0000000083800000, 0x0000000083800000| Untracked 
|  27|0x0000000083900000, 0x0000000083900000, 0x0000000083a00000|  0%| F|  |TAMS 0x0000000083900000, 0x0000000083900000| Untracked 
|  28|0x0000000083a00000, 0x0000000083a00000, 0x0000000083b00000|  0%| F|  |TAMS 0x0000000083a00000, 0x0000000083a00000| Untracked 
|  29|0x0000000083b00000, 0x0000000083b00000, 0x0000000083c00000|  0%| F|  |TAMS 0x0000000083b00000, 0x0000000083b00000| Untracked 
|  30|0x0000000083c00000, 0x0000000083c00000, 0x0000000083d00000|  0%| F|  |TAMS 0x0000000083c00000, 0x0000000083c00000| Untracked 
|  31|0x0000000083d00000, 0x0000000083d00000, 0x0000000083e00000|  0%| F|  |TAMS 0x0000000083d00000, 0x0000000083d00000| Untracked 
|  32|0x0000000083e00000, 0x0000000083e00000, 0x0000000083f00000|  0%| F|  |TAMS 0x0000000083e00000, 0x0000000083e00000| Untracked 
|  33|0x0000000083f00000, 0x0000000083f00000, 0x0000000084000000|  0%| F|  |TAMS 0x0000000083f00000, 0x0000000083f00000| Untracked 
|  34|0x0000000084000000, 0x0000000084000000, 0x0000000084100000|  0%| F|  |TAMS 0x0000000084000000, 0x0000000084000000| Untracked 
|  35|0x0000000084100000, 0x0000000084100000, 0x0000000084200000|  0%| F|  |TAMS 0x0000000084100000, 0x0000000084100000| Untracked 
|  36|0x0000000084200000, 0x0000000084300000, 0x0000000084300000|100%| O|  |TAMS 0x0000000084200000, 0x0000000084200000| Untracked 
|  37|0x0000000084300000, 0x0000000084400000, 0x0000000084400000|100%| O|  |TAMS 0x0000000084300000, 0x0000000084300000| Untracked 
|  38|0x0000000084400000, 0x0000000084500000, 0x0000000084500000|100%| O|  |TAMS 0x0000000084400000, 0x0000000084400000| Untracked 
|  39|0x0000000084500000, 0x0000000084600000, 0x0000000084600000|100%| O|  |TAMS 0x0000000084500000, 0x0000000084500000| Untracked 
|  40|0x0000000084600000, 0x0000000084600000, 0x0000000084700000|  0%| F|  |TAMS 0x0000000084600000, 0x0000000084600000| Untracked 
|  41|0x0000000084700000, 0x0000000084700000, 0x0000000084800000|  0%| F|  |TAMS 0x0000000084700000, 0x0000000084700000| Untracked 
|  42|0x0000000084800000, 0x0000000084800000, 0x0000000084900000|  0%| F|  |TAMS 0x0000000084800000, 0x0000000084800000| Untracked 
|  43|0x0000000084900000, 0x0000000084900000, 0x0000000084a00000|  0%| F|  |TAMS 0x0000000084900000, 0x0000000084900000| Untracked 
|  44|0x0000000084a00000, 0x0000000084a00000, 0x0000000084b00000|  0%| F|  |TAMS 0x0000000084a00000, 0x0000000084a00000| Untracked 
|  45|0x0000000084b00000, 0x0000000084b00000, 0x0000000084c00000|  0%| F|  |TAMS 0x0000000084b00000, 0x0000000084b00000| Untracked 
|  46|0x0000000084c00000, 0x0000000084c00000, 0x0000000084d00000|  0%| F|  |TAMS 0x0000000084c00000, 0x0000000084c00000| Untracked 
|  47|0x0000000084d00000, 0x0000000084d00000, 0x0000000084e00000|  0%| F|  |TAMS 0x0000000084d00000, 0x0000000084d00000| Untracked 
|  48|0x0000000084e00000, 0x0000000084e00000, 0x0000000084f00000|  0%| F|  |TAMS 0x0000000084e00000, 0x0000000084e00000| Untracked 
|  49|0x0000000084f00000, 0x0000000084f00000, 0x0000000085000000|  0%| F|  |TAMS 0x0000000084f00000, 0x0000000084f00000| Untracked 
|  50|0x0000000085000000, 0x0000000085000000, 0x0000000085100000|  0%| F|  |TAMS 0x0000000085000000, 0x0000000085000000| Untracked 
|  51|0x0000000085100000, 0x0000000085100000, 0x0000000085200000|  0%| F|  |TAMS 0x0000000085100000, 0x0000000085100000| Untracked 
|  52|0x0000000085200000, 0x0000000085200000, 0x0000000085300000|  0%| F|  |TAMS 0x0000000085200000, 0x0000000085200000| Untracked 
|  53|0x0000000085300000, 0x0000000085300000, 0x0000000085400000|  0%| F|  |TAMS 0x0000000085300000, 0x0000000085300000| Untracked 
|  54|0x0000000085400000, 0x0000000085400000, 0x0000000085500000|  0%| F|  |TAMS 0x0000000085400000, 0x0000000085400000| Untracked 
|  55|0x0000000085500000, 0x0000000085579858, 0x0000000085600000| 47%| S|CS|TAMS 0x0000000085500000, 0x0000000085500000| Complete 
|  56|0x0000000085600000, 0x0000000085700000, 0x0000000085700000|100%| S|CS|TAMS 0x0000000085600000, 0x0000000085600000| Complete 
|  57|0x0000000085700000, 0x0000000085800000, 0x0000000085800000|100%| S|CS|TAMS 0x0000000085700000, 0x0000000085700000| Complete 
|  58|0x0000000085800000, 0x0000000085900000, 0x0000000085900000|100%| S|CS|TAMS 0x0000000085800000, 0x0000000085800000| Complete 
|  59|0x0000000085900000, 0x0000000085a00000, 0x0000000085a00000|100%| S|CS|TAMS 0x0000000085900000, 0x0000000085900000| Complete 
|  60|0x0000000085a00000, 0x0000000085b00000, 0x0000000085b00000|100%| S|CS|TAMS 0x0000000085a00000, 0x0000000085a00000| Complete 
|  61|0x0000000085b00000, 0x0000000085c00000, 0x0000000085c00000|100%| S|CS|TAMS 0x0000000085b00000, 0x0000000085b00000| Complete 
|  62|0x0000000085c00000, 0x0000000085c00000, 0x0000000085d00000|  0%| F|  |TAMS 0x0000000085c00000, 0x0000000085c00000| Untracked 
|  63|0x0000000085d00000, 0x0000000085d00000, 0x0000000085e00000|  0%| F|  |TAMS 0x0000000085d00000, 0x0000000085d00000| Untracked 
|  64|0x0000000085e00000, 0x0000000085e00000, 0x0000000085f00000|  0%| F|  |TAMS 0x0000000085e00000, 0x0000000085e00000| Untracked 
|  65|0x0000000085f00000, 0x0000000085f00000, 0x0000000086000000|  0%| F|  |TAMS 0x0000000085f00000, 0x0000000085f00000| Untracked 
|  66|0x0000000086000000, 0x0000000086000000, 0x0000000086100000|  0%| F|  |TAMS 0x0000000086000000, 0x0000000086000000| Untracked 
|  67|0x0000000086100000, 0x0000000086100000, 0x0000000086200000|  0%| F|  |TAMS 0x0000000086100000, 0x0000000086100000| Untracked 
|  68|0x0000000086200000, 0x0000000086200000, 0x0000000086300000|  0%| F|  |TAMS 0x0000000086200000, 0x0000000086200000| Untracked 
|  69|0x0000000086300000, 0x0000000086300000, 0x0000000086400000|  0%| F|  |TAMS 0x0000000086300000, 0x0000000086300000| Untracked 
|  70|0x0000000086400000, 0x0000000086400000, 0x0000000086500000|  0%| F|  |TAMS 0x0000000086400000, 0x0000000086400000| Untracked 
|  71|0x0000000086500000, 0x0000000086500000, 0x0000000086600000|  0%| F|  |TAMS 0x0000000086500000, 0x0000000086500000| Untracked 
|  72|0x0000000086600000, 0x0000000086600000, 0x0000000086700000|  0%| F|  |TAMS 0x0000000086600000, 0x0000000086600000| Untracked 
|  73|0x0000000086700000, 0x0000000086700000, 0x0000000086800000|  0%| F|  |TAMS 0x0000000086700000, 0x0000000086700000| Untracked 
|  74|0x0000000086800000, 0x0000000086800000, 0x0000000086900000|  0%| F|  |TAMS 0x0000000086800000, 0x0000000086800000| Untracked 
|  75|0x0000000086900000, 0x0000000086900000, 0x0000000086a00000|  0%| F|  |TAMS 0x0000000086900000, 0x0000000086900000| Untracked 
|  76|0x0000000086a00000, 0x0000000086a00000, 0x0000000086b00000|  0%| F|  |TAMS 0x0000000086a00000, 0x0000000086a00000| Untracked 
|  77|0x0000000086b00000, 0x0000000086b00000, 0x0000000086c00000|  0%| F|  |TAMS 0x0000000086b00000, 0x0000000086b00000| Untracked 
|  78|0x0000000086c00000, 0x0000000086c00000, 0x0000000086d00000|  0%| F|  |TAMS 0x0000000086c00000, 0x0000000086c00000| Untracked 
|  79|0x0000000086d00000, 0x0000000086d00000, 0x0000000086e00000|  0%| F|  |TAMS 0x0000000086d00000, 0x0000000086d00000| Untracked 
|  80|0x0000000086e00000, 0x0000000086e00000, 0x0000000086f00000|  0%| F|  |TAMS 0x0000000086e00000, 0x0000000086e00000| Untracked 
|  81|0x0000000086f00000, 0x0000000086f00000, 0x0000000087000000|  0%| F|  |TAMS 0x0000000086f00000, 0x0000000086f00000| Untracked 
|  82|0x0000000087000000, 0x0000000087000000, 0x0000000087100000|  0%| F|  |TAMS 0x0000000087000000, 0x0000000087000000| Untracked 
|  83|0x0000000087100000, 0x0000000087100000, 0x0000000087200000|  0%| F|  |TAMS 0x0000000087100000, 0x0000000087100000| Untracked 
|  84|0x0000000087200000, 0x0000000087200000, 0x0000000087300000|  0%| F|  |TAMS 0x0000000087200000, 0x0000000087200000| Untracked 
|  85|0x0000000087300000, 0x0000000087300000, 0x0000000087400000|  0%| F|  |TAMS 0x0000000087300000, 0x0000000087300000| Untracked 
|  86|0x0000000087400000, 0x0000000087400000, 0x0000000087500000|  0%| F|  |TAMS 0x0000000087400000, 0x0000000087400000| Untracked 
|  87|0x0000000087500000, 0x0000000087500000, 0x0000000087600000|  0%| F|  |TAMS 0x0000000087500000, 0x0000000087500000| Untracked 
|  88|0x0000000087600000, 0x0000000087600000, 0x0000000087700000|  0%| F|  |TAMS 0x0000000087600000, 0x0000000087600000| Untracked 
|  89|0x0000000087700000, 0x0000000087700000, 0x0000000087800000|  0%| F|  |TAMS 0x0000000087700000, 0x0000000087700000| Untracked 
|  90|0x0000000087800000, 0x0000000087800000, 0x0000000087900000|  0%| F|  |TAMS 0x0000000087800000, 0x0000000087800000| Untracked 
|  91|0x0000000087900000, 0x0000000087900000, 0x0000000087a00000|  0%| F|  |TAMS 0x0000000087900000, 0x0000000087900000| Untracked 
|  92|0x0000000087a00000, 0x0000000087a00000, 0x0000000087b00000|  0%| F|  |TAMS 0x0000000087a00000, 0x0000000087a00000| Untracked 
|  93|0x0000000087b00000, 0x0000000087b00000, 0x0000000087c00000|  0%| F|  |TAMS 0x0000000087b00000, 0x0000000087b00000| Untracked 
|  94|0x0000000087c00000, 0x0000000087c00000, 0x0000000087d00000|  0%| F|  |TAMS 0x0000000087c00000, 0x0000000087c00000| Untracked 
|  95|0x0000000087d00000, 0x0000000087d00000, 0x0000000087e00000|  0%| F|  |TAMS 0x0000000087d00000, 0x0000000087d00000| Untracked 
|  96|0x0000000087e00000, 0x0000000087e00000, 0x0000000087f00000|  0%| F|  |TAMS 0x0000000087e00000, 0x0000000087e00000| Untracked 
|  97|0x0000000087f00000, 0x0000000087f00000, 0x0000000088000000|  0%| F|  |TAMS 0x0000000087f00000, 0x0000000087f00000| Untracked 
|  98|0x0000000088000000, 0x0000000088000000, 0x0000000088100000|  0%| F|  |TAMS 0x0000000088000000, 0x0000000088000000| Untracked 
|  99|0x0000000088100000, 0x0000000088100000, 0x0000000088200000|  0%| F|  |TAMS 0x0000000088100000, 0x0000000088100000| Untracked 
| 100|0x0000000088200000, 0x0000000088200000, 0x0000000088300000|  0%| F|  |TAMS 0x0000000088200000, 0x0000000088200000| Untracked 
| 101|0x0000000088300000, 0x0000000088300000, 0x0000000088400000|  0%| F|  |TAMS 0x0000000088300000, 0x0000000088300000| Untracked 
| 102|0x0000000088400000, 0x0000000088400000, 0x0000000088500000|  0%| F|  |TAMS 0x0000000088400000, 0x0000000088400000| Untracked 
| 103|0x0000000088500000, 0x0000000088500000, 0x0000000088600000|  0%| F|  |TAMS 0x0000000088500000, 0x0000000088500000| Untracked 
| 104|0x0000000088600000, 0x0000000088600000, 0x0000000088700000|  0%| F|  |TAMS 0x0000000088600000, 0x0000000088600000| Untracked 
| 105|0x0000000088700000, 0x0000000088700000, 0x0000000088800000|  0%| F|  |TAMS 0x0000000088700000, 0x0000000088700000| Untracked 
| 106|0x0000000088800000, 0x0000000088800000, 0x0000000088900000|  0%| F|  |TAMS 0x0000000088800000, 0x0000000088800000| Untracked 
| 107|0x0000000088900000, 0x0000000088900000, 0x0000000088a00000|  0%| F|  |TAMS 0x0000000088900000, 0x0000000088900000| Untracked 
| 108|0x0000000088a00000, 0x0000000088a00000, 0x0000000088b00000|  0%| F|  |TAMS 0x0000000088a00000, 0x0000000088a00000| Untracked 
| 109|0x0000000088b00000, 0x0000000088b00000, 0x0000000088c00000|  0%| F|  |TAMS 0x0000000088b00000, 0x0000000088b00000| Untracked 
| 110|0x0000000088c00000, 0x0000000088c00000, 0x0000000088d00000|  0%| F|  |TAMS 0x0000000088c00000, 0x0000000088c00000| Untracked 
| 111|0x0000000088d00000, 0x0000000088d00000, 0x0000000088e00000|  0%| F|  |TAMS 0x0000000088d00000, 0x0000000088d00000| Untracked 
| 112|0x0000000088e00000, 0x0000000088e82ae0, 0x0000000088f00000| 51%| E|  |TAMS 0x0000000088e00000, 0x0000000088e00000| Complete 
| 113|0x0000000088f00000, 0x0000000089000000, 0x0000000089000000|100%| E|CS|TAMS 0x0000000088f00000, 0x0000000088f00000| Complete 
| 114|0x0000000089000000, 0x0000000089100000, 0x0000000089100000|100%| E|CS|TAMS 0x0000000089000000, 0x0000000089000000| Complete 
| 115|0x0000000089100000, 0x0000000089200000, 0x0000000089200000|100%| E|CS|TAMS 0x0000000089100000, 0x0000000089100000| Complete 
| 116|0x0000000089200000, 0x0000000089300000, 0x0000000089300000|100%| E|CS|TAMS 0x0000000089200000, 0x0000000089200000| Complete 
| 117|0x0000000089300000, 0x0000000089400000, 0x0000000089400000|100%| E|CS|TAMS 0x0000000089300000, 0x0000000089300000| Complete 
| 118|0x0000000089400000, 0x0000000089500000, 0x0000000089500000|100%| E|CS|TAMS 0x0000000089400000, 0x0000000089400000| Complete 
| 119|0x0000000089500000, 0x0000000089600000, 0x0000000089600000|100%| E|CS|TAMS 0x0000000089500000, 0x0000000089500000| Complete 
| 120|0x0000000089600000, 0x0000000089700000, 0x0000000089700000|100%| E|CS|TAMS 0x0000000089600000, 0x0000000089600000| Complete 
| 121|0x0000000089700000, 0x0000000089800000, 0x0000000089800000|100%| E|CS|TAMS 0x0000000089700000, 0x0000000089700000| Complete 
| 122|0x0000000089800000, 0x0000000089900000, 0x0000000089900000|100%| E|CS|TAMS 0x0000000089800000, 0x0000000089800000| Complete 
| 123|0x0000000089900000, 0x0000000089a00000, 0x0000000089a00000|100%| E|CS|TAMS 0x0000000089900000, 0x0000000089900000| Complete 
| 124|0x0000000089a00000, 0x0000000089b00000, 0x0000000089b00000|100%| E|CS|TAMS 0x0000000089a00000, 0x0000000089a00000| Complete 
| 125|0x0000000089b00000, 0x0000000089c00000, 0x0000000089c00000|100%| E|CS|TAMS 0x0000000089b00000, 0x0000000089b00000| Complete 
| 126|0x0000000089c00000, 0x0000000089d00000, 0x0000000089d00000|100%| E|CS|TAMS 0x0000000089c00000, 0x0000000089c00000| Complete 
| 127|0x0000000089d00000, 0x0000000089e00000, 0x0000000089e00000|100%| E|CS|TAMS 0x0000000089d00000, 0x0000000089d00000| Complete 
| 128|0x0000000089e00000, 0x0000000089f00000, 0x0000000089f00000|100%| E|CS|TAMS 0x0000000089e00000, 0x0000000089e00000| Complete 
| 129|0x0000000089f00000, 0x000000008a000000, 0x000000008a000000|100%| E|CS|TAMS 0x0000000089f00000, 0x0000000089f00000| Complete 
| 130|0x000000008a000000, 0x000000008a100000, 0x000000008a100000|100%| E|CS|TAMS 0x000000008a000000, 0x000000008a000000| Complete 
| 131|0x000000008a100000, 0x000000008a200000, 0x000000008a200000|100%| E|CS|TAMS 0x000000008a100000, 0x000000008a100000| Complete 
| 132|0x000000008a200000, 0x000000008a300000, 0x000000008a300000|100%| E|CS|TAMS 0x000000008a200000, 0x000000008a200000| Complete 
| 133|0x000000008a300000, 0x000000008a400000, 0x000000008a400000|100%| E|CS|TAMS 0x000000008a300000, 0x000000008a300000| Complete 
| 134|0x000000008a400000, 0x000000008a500000, 0x000000008a500000|100%| E|CS|TAMS 0x000000008a400000, 0x000000008a400000| Complete 
| 135|0x000000008a500000, 0x000000008a600000, 0x000000008a600000|100%| E|CS|TAMS 0x000000008a500000, 0x000000008a500000| Complete 
| 136|0x000000008a600000, 0x000000008a700000, 0x000000008a700000|100%| E|CS|TAMS 0x000000008a600000, 0x000000008a600000| Complete 
| 137|0x000000008a700000, 0x000000008a800000, 0x000000008a800000|100%| E|CS|TAMS 0x000000008a700000, 0x000000008a700000| Complete 
| 138|0x000000008a800000, 0x000000008a900000, 0x000000008a900000|100%| E|CS|TAMS 0x000000008a800000, 0x000000008a800000| Complete 
| 139|0x000000008a900000, 0x000000008aa00000, 0x000000008aa00000|100%| E|CS|TAMS 0x000000008a900000, 0x000000008a900000| Complete 
| 140|0x000000008aa00000, 0x000000008ab00000, 0x000000008ab00000|100%| E|CS|TAMS 0x000000008aa00000, 0x000000008aa00000| Complete 
| 141|0x000000008ab00000, 0x000000008ac00000, 0x000000008ac00000|100%| E|CS|TAMS 0x000000008ab00000, 0x000000008ab00000| Complete 
| 142|0x000000008ac00000, 0x000000008ad00000, 0x000000008ad00000|100%| E|CS|TAMS 0x000000008ac00000, 0x000000008ac00000| Complete 
| 143|0x000000008ad00000, 0x000000008ae00000, 0x000000008ae00000|100%| E|CS|TAMS 0x000000008ad00000, 0x000000008ad00000| Complete 
| 144|0x000000008ae00000, 0x000000008af00000, 0x000000008af00000|100%| E|CS|TAMS 0x000000008ae00000, 0x000000008ae00000| Complete 
| 145|0x000000008af00000, 0x000000008b000000, 0x000000008b000000|100%| E|CS|TAMS 0x000000008af00000, 0x000000008af00000| Complete 
| 146|0x000000008b000000, 0x000000008b100000, 0x000000008b100000|100%| E|CS|TAMS 0x000000008b000000, 0x000000008b000000| Complete 
| 147|0x000000008b100000, 0x000000008b200000, 0x000000008b200000|100%| E|CS|TAMS 0x000000008b100000, 0x000000008b100000| Complete 
| 148|0x000000008b200000, 0x000000008b300000, 0x000000008b300000|100%| E|CS|TAMS 0x000000008b200000, 0x000000008b200000| Complete 
| 149|0x000000008b300000, 0x000000008b400000, 0x000000008b400000|100%| E|CS|TAMS 0x000000008b300000, 0x000000008b300000| Complete 
| 150|0x000000008b400000, 0x000000008b500000, 0x000000008b500000|100%| E|CS|TAMS 0x000000008b400000, 0x000000008b400000| Complete 
| 151|0x000000008b500000, 0x000000008b600000, 0x000000008b600000|100%| E|CS|TAMS 0x000000008b500000, 0x000000008b500000| Complete 
| 152|0x000000008b600000, 0x000000008b700000, 0x000000008b700000|100%| E|CS|TAMS 0x000000008b600000, 0x000000008b600000| Complete 
| 153|0x000000008b700000, 0x000000008b800000, 0x000000008b800000|100%| E|CS|TAMS 0x000000008b700000, 0x000000008b700000| Complete 

Card table byte_map: [0x00000211393f0000,0x00000211397f0000] _byte_map_base: 0x0000021138fe1000

Marking Bits (Prev, Next): (CMBitMap*) 0x000002111fa6cab8, (CMBitMap*) 0x000002111fa6caf8
 Prev Bits: [0x0000021139bf0000, 0x000002113bb78000)
 Next Bits: [0x000002113bb80000, 0x000002113db08000)

Polling page: 0x000002111fb10000

Metaspace:

Usage:
  Non-class:      5.87 MB capacity,     4.95 MB ( 84%) used,   943.27 KB ( 16%) free+waste,     6.94 KB ( <1%) overhead. 
      Class:    569.00 KB capacity,   418.42 KB ( 74%) used,   147.02 KB ( 26%) free+waste,     3.56 KB ( <1%) overhead. 
       Both:      6.43 MB capacity,     5.35 MB ( 83%) used,     1.06 MB ( 17%) free+waste,    10.50 KB ( <1%) overhead. 

Virtual space:
  Non-class space:        8.00 MB reserved,       6.00 MB ( 75%) committed 
      Class space:        1.00 GB reserved,     640.00 KB ( <1%) committed 
             Both:        1.01 GB reserved,       6.63 MB ( <1%) committed 

Chunk freelists:
   Non-Class:  65.00 KB
       Class:  0 bytes
        Both:  65.00 KB

MaxMetaspaceSize: 17179869184.00 GB
CompressedClassSpaceSize: 1.00 GB

CodeHeap 'non-profiled nmethods': size=120000Kb used=821Kb max_used=821Kb free=119178Kb
 bounds [0x0000021131490000, 0x0000021131700000, 0x00000211389c0000]
CodeHeap 'profiled nmethods': size=120000Kb used=2526Kb max_used=2526Kb free=117473Kb
 bounds [0x0000021129f60000, 0x000002112a1e0000, 0x0000021131490000]
CodeHeap 'non-nmethods': size=5760Kb used=1268Kb max_used=1294Kb free=4491Kb
 bounds [0x00000211299c0000, 0x0000021129c30000, 0x0000021129f60000]
 total_blobs=1902 nmethods=1347 adapters=468
 compilation: enabled
              stopped_count=0, restarted_count=0
 full_count=0

Compilation events (20 events):
Event: 18.428 Thread 0x00000211401aa800 1344       3       jdk.internal.math.FDBigInteger::valueOfMulPow52 (449 bytes)
Event: 18.430 Thread 0x00000211401aa800 nmethod 1344 0x000002112a1d2790 code [0x000002112a1d2a80, 0x000002112a1d4058]
Event: 18.430 Thread 0x00000211401aa800 1345       3       jdk.internal.math.FDBigInteger::cmpPow52 (122 bytes)
Event: 18.430 Thread 0x00000211401aa800 nmethod 1345 0x000002112a1d4790 code [0x000002112a1d4980, 0x000002112a1d4ec8]
Event: 18.430 Thread 0x00000211401aa800 1346       3       jdk.internal.math.FDBigInteger::leftShift (50 bytes)
Event: 18.431 Thread 0x00000211401aa800 nmethod 1346 0x000002112a1d5090 code [0x000002112a1d5240, 0x000002112a1d5478]
Event: 18.473 Thread 0x0000021140161000 1347       4       java.lang.Number::<init> (5 bytes)
Event: 18.475 Thread 0x0000021140161000 nmethod 1347 0x000002113155c790 code [0x000002113155c900, 0x000002113155c978]
Event: 18.475 Thread 0x00000211401aa800 1348       3       org.lwjgl.util.vector.Vector3f::set (32 bytes)
Event: 18.476 Thread 0x00000211401aa800 nmethod 1348 0x000002112a1d5610 code [0x000002112a1d57e0, 0x000002112a1d5b88]
Event: 18.476 Thread 0x00000211401aa800 1349       1       particles.ParticleTexture::getNumberOfRows (5 bytes)
Event: 18.476 Thread 0x00000211401aa800 nmethod 1349 0x000002113155ca90 code [0x000002113155cc20, 0x000002113155ccf8]
Event: 18.478 Thread 0x00000211401aa800 1350       1       particles.Particle::getDistance (5 bytes)
Event: 18.478 Thread 0x00000211401aa800 nmethod 1350 0x000002113155cd90 code [0x000002113155cf20, 0x000002113155cff8]
Event: 18.485 Thread 0x00000211401aa800 1351       1       models.TexturedModel::getTexture (5 bytes)
Event: 18.485 Thread 0x00000211401aa800 nmethod 1351 0x000002113155d090 code [0x000002113155d220, 0x000002113155d2f8]
Event: 18.485 Thread 0x00000211401aa800 1352       1       textures.ModelTexture::getNumberOfRows (5 bytes)
Event: 18.485 Thread 0x00000211401aa800 nmethod 1352 0x000002113155d390 code [0x000002113155d520, 0x000002113155d5f8]
Event: 18.487 Thread 0x00000211401aa800 1353       3       java.util.jar.JarFile::maybeInstantiateVerifier (116 bytes)
Event: 18.489 Thread 0x00000211401aa800 nmethod 1353 0x000002112a1d5c90 code [0x000002112a1d5fc0, 0x000002112a1d71b8]

GC Heap History (14 events):
Event: 3.996 GC heap before
{Heap before GC invocations=0 (full 0):
 garbage-first heap   total 131072K, used 12288K [0x0000000081e00000, 0x0000000100000000)
  region size 1024K, 13 young (13312K), 0 survivors (0K)
 Metaspace       used 3053K, capacity 6060K, committed 6400K, reserved 1056768K
  class space    used 194K, capacity 495K, committed 512K, reserved 1048576K
}
Event: 4.001 GC heap after
{Heap after GC invocations=1 (full 0):
 garbage-first heap   total 131072K, used 1912K [0x0000000081e00000, 0x0000000100000000)
  region size 1024K, 2 young (2048K), 2 survivors (2048K)
 Metaspace       used 3053K, capacity 6060K, committed 6400K, reserved 1056768K
  class space    used 194K, capacity 495K, committed 512K, reserved 1048576K
}
Event: 4.224 GC heap before
{Heap before GC invocations=1 (full 0):
 garbage-first heap   total 131072K, used 17272K [0x0000000081e00000, 0x0000000100000000)
  region size 1024K, 18 young (18432K), 2 survivors (2048K)
 Metaspace       used 3066K, capacity 6060K, committed 6400K, reserved 1056768K
  class space    used 194K, capacity 495K, committed 512K, reserved 1048576K
}
Event: 4.231 GC heap after
{Heap after GC invocations=2 (full 0):
 garbage-first heap   total 131072K, used 2735K [0x0000000081e00000, 0x0000000100000000)
  region size 1024K, 1 young (1024K), 1 survivors (1024K)
 Metaspace       used 3066K, capacity 6060K, committed 6400K, reserved 1056768K
  class space    used 194K, capacity 495K, committed 512K, reserved 1048576K
}
Event: 4.586 GC heap before
{Heap before GC invocations=2 (full 0):
 garbage-first heap   total 131072K, used 80559K [0x0000000081e00000, 0x0000000100000000)
  region size 1024K, 76 young (77824K), 1 survivors (1024K)
 Metaspace       used 3095K, capacity 6124K, committed 6400K, reserved 1056768K
  class space    used 194K, capacity 495K, committed 512K, reserved 1048576K
}
Event: 4.599 GC heap after
{Heap after GC invocations=3 (full 0):
 garbage-first heap   total 131072K, used 7758K [0x0000000081e00000, 0x0000000100000000)
  region size 1024K, 5 young (5120K), 5 survivors (5120K)
 Metaspace       used 3095K, capacity 6124K, committed 6400K, reserved 1056768K
  class space    used 194K, capacity 495K, committed 512K, reserved 1048576K
}
Event: 4.886 GC heap before
{Heap before GC invocations=3 (full 0):
 garbage-first heap   total 131072K, used 84558K [0x0000000081e00000, 0x0000000100000000)
  region size 1024K, 76 young (77824K), 5 survivors (5120K)
 Metaspace       used 3095K, capacity 6124K, committed 6400K, reserved 1056768K
  class space    used 194K, capacity 495K, committed 512K, reserved 1048576K
}
Event: 4.937 GC heap after
{Heap after GC invocations=4 (full 0):
 garbage-first heap   total 131072K, used 14435K [0x0000000081e00000, 0x0000000100000000)
  region size 1024K, 8 young (8192K), 8 survivors (8192K)
 Metaspace       used 3095K, capacity 6124K, committed 6400K, reserved 1056768K
  class space    used 194K, capacity 495K, committed 512K, reserved 1048576K
}
Event: 17.598 GC heap before
{Heap before GC invocations=4 (full 0):
 garbage-first heap   total 131072K, used 113763K [0x0000000081e00000, 0x0000000100000000)
  region size 1024K, 76 young (77824K), 8 survivors (8192K)
 Metaspace       used 5412K, capacity 6520K, committed 6784K, reserved 1056768K
  class space    used 413K, capacity 569K, committed 640K, reserved 1048576K
}
Event: 17.642 GC heap after
{Heap after GC invocations=5 (full 0):
 garbage-first heap   total 131072K, used 15379K [0x0000000081e00000, 0x0000000100000000)
  region size 1024K, 6 young (6144K), 6 survivors (6144K)
 Metaspace       used 5412K, capacity 6520K, committed 6784K, reserved 1056768K
  class space    used 413K, capacity 569K, committed 640K, reserved 1048576K
}
Event: 17.875 GC heap before
{Heap before GC invocations=5 (full 0):
 garbage-first heap   total 131072K, used 88083K [0x0000000081e00000, 0x0000000100000000)
  region size 1024K, 76 young (77824K), 6 survivors (6144K)
 Metaspace       used 5412K, capacity 6520K, committed 6784K, reserved 1056768K
  class space    used 413K, capacity 569K, committed 640K, reserved 1048576K
}
Event: 17.905 GC heap after
{Heap after GC invocations=6 (full 0):
 garbage-first heap   total 131072K, used 20487K [0x0000000081e00000, 0x0000000100000000)
  region size 1024K, 10 young (10240K), 10 survivors (10240K)
 Metaspace       used 5412K, capacity 6520K, committed 6784K, reserved 1056768K
  class space    used 413K, capacity 569K, committed 640K, reserved 1048576K
}
Event: 18.106 GC heap before
{Heap before GC invocations=6 (full 0):
 garbage-first heap   total 131072K, used 90119K [0x0000000081e00000, 0x0000000100000000)
  region size 1024K, 76 young (77824K), 10 survivors (10240K)
 Metaspace       used 5412K, capacity 6520K, committed 6784K, reserved 1056768K
  class space    used 413K, capacity 569K, committed 640K, reserved 1048576K
}
Event: 18.156 GC heap after
{Heap after GC invocations=7 (full 0):
 garbage-first heap   total 157696K, used 24730K [0x0000000081e00000, 0x0000000100000000)
  region size 1024K, 7 young (7168K), 7 survivors (7168K)
 Metaspace       used 5412K, capacity 6520K, committed 6784K, reserved 1056768K
  class space    used 413K, capacity 569K, committed 640K, reserved 1048576K
}

Deoptimization events (20 events):
Event: 17.748 Thread 0x000002111fa2c000 DEOPT PACKING pc=0x000002112a099ef2 sp=0x00000084a3afec70
Event: 17.748 Thread 0x000002111fa2c000 DEOPT UNPACKING pc=0x0000021129a0964e sp=0x00000084a3afe2e0 mode 0
Event: 17.760 Thread 0x000002111fa2c000 DEOPT PACKING pc=0x000002112a099ef2 sp=0x00000084a3afec70
Event: 17.760 Thread 0x000002111fa2c000 DEOPT UNPACKING pc=0x0000021129a0964e sp=0x00000084a3afe2e0 mode 0
Event: 17.772 Thread 0x000002111fa2c000 DEOPT PACKING pc=0x000002112a099ef2 sp=0x00000084a3afec70
Event: 17.772 Thread 0x000002111fa2c000 DEOPT UNPACKING pc=0x0000021129a0964e sp=0x00000084a3afe2e0 mode 0
Event: 17.782 Thread 0x000002111fa2c000 DEOPT PACKING pc=0x000002112a099ef2 sp=0x00000084a3afec70
Event: 17.782 Thread 0x000002111fa2c000 DEOPT UNPACKING pc=0x0000021129a0964e sp=0x00000084a3afe2e0 mode 0
Event: 17.793 Thread 0x000002111fa2c000 DEOPT PACKING pc=0x000002112a099ef2 sp=0x00000084a3afec70
Event: 17.794 Thread 0x000002111fa2c000 DEOPT UNPACKING pc=0x0000021129a0964e sp=0x00000084a3afe2e0 mode 0
Event: 17.829 Thread 0x000002111fa2c000 DEOPT PACKING pc=0x000002112a09a3a6 sp=0x00000084a3afec70
Event: 17.829 Thread 0x000002111fa2c000 DEOPT UNPACKING pc=0x0000021129a0964e sp=0x00000084a3afe2d8 mode 0
Event: 18.332 Thread 0x000002111fa2c000 Uncommon trap: trap_request=0xffffff45 fr.pc=0x00000211314e4a6c relative=0x000000000000768c
Event: 18.332 Thread 0x000002111fa2c000 Uncommon trap: reason=unstable_if action=reinterpret pc=0x00000211314e4a6c method=renderEngine.OBJLoader.loadObjModel(Ljava/lang/String;LrenderEngine/Loader;)Lmodels/RawModel; @ 411 c2
Event: 18.333 Thread 0x000002111fa2c000 DEOPT PACKING pc=0x00000211314e4a6c sp=0x00000084a3afedd0
Event: 18.333 Thread 0x000002111fa2c000 DEOPT UNPACKING pc=0x0000021129a0912f sp=0x00000084a3afede8 mode 2
Event: 18.343 Thread 0x000002111fa2c000 Uncommon trap: trap_request=0xffffff45 fr.pc=0x00000211314f19a8 relative=0x0000000000000908
Event: 18.343 Thread 0x000002111fa2c000 Uncommon trap: reason=unstable_if action=reinterpret pc=0x00000211314f19a8 method=renderEngine.OBJLoader.loadObjModel(Ljava/lang/String;LrenderEngine/Loader;)Lmodels/RawModel; @ 566 c2
Event: 18.343 Thread 0x000002111fa2c000 DEOPT PACKING pc=0x00000211314f19a8 sp=0x00000084a3afee60
Event: 18.343 Thread 0x000002111fa2c000 DEOPT UNPACKING pc=0x0000021129a0912f sp=0x00000084a3afede0 mode 2

Classes unloaded (0 events):
No events

Classes redefined (0 events):
No events

Internal exceptions (5 events):
Event: 16.464 Thread 0x000002111fa2c000 Exception <a 'java/lang/ClassNotFoundException'{0x000000008897ecc0}: sun/awt/resources/spi/awtProvider> (0x000000008897ecc0) 
thrown [./open/src/hotspot/share/classfile/systemDictionary.cpp, line 226]
Event: 16.525 Thread 0x000002111fa2c000 Exception <a 'java/io/FileNotFoundException'{0x00000000889d0508}> (0x00000000889d0508) 
thrown [./open/src/hotspot/share/prims/jni.cpp, line 599]
Event: 16.572 Thread 0x000002111fa2c000 Exception <a 'java/io/FileNotFoundException'{0x00000000889f6898}> (0x00000000889f6898) 
thrown [./open/src/hotspot/share/prims/jni.cpp, line 599]
Event: 16.637 Thread 0x000002111fa2c000 Exception <a 'java/lang/NoSuchMethodError'{0x0000000088858b40}: 'java.lang.Object java.lang.invoke.DirectMethodHandle$Holder.invokeStaticInit(java.lang.Object, int, int, int, int)'> (0x0000000088858b40) 
thrown [./open/src/hotspot/share/interpreter/linkResolver.cpp, line 766]
Event: 16.811 Thread 0x000002111fa2c000 Exception <a 'java/lang/NoSuchMethodError'{0x00000000887263f8}: 'java.lang.Object java.lang.invoke.DirectMethodHandle$Holder.invokeStaticInit(java.lang.Object, java.lang.Object, int, int, int, int)'> (0x00000000887263f8) 
thrown [./open/src/hotspot/share/interpreter/linkResolver.cpp, line 766]

Events (20 events):
Event: 17.334 Thread 0x000002114cdb2800 Thread added: 0x000002114cdb2800
Event: 17.598 Executing VM operation: G1CollectForAllocation
Event: 17.642 Executing VM operation: G1CollectForAllocation done
Event: 17.660 Executing VM operation: HandshakeOneThread
Event: 17.660 Executing VM operation: HandshakeOneThread done
Event: 17.660 Executing VM operation: HandshakeOneThread
Event: 17.660 Executing VM operation: HandshakeOneThread done
Event: 17.660 Executing VM operation: HandshakeOneThread
Event: 17.660 Executing VM operation: HandshakeOneThread done
Event: 17.660 Executing VM operation: HandshakeOneThread
Event: 17.660 Executing VM operation: HandshakeOneThread done
Event: 17.660 Executing VM operation: HandshakeOneThread
Event: 17.660 Executing VM operation: HandshakeOneThread done
Event: 17.702 Thread 0x000002114cdb2800 Thread exited: 0x000002114cdb2800
Event: 17.875 Executing VM operation: G1CollectForAllocation
Event: 17.905 Executing VM operation: G1CollectForAllocation done
Event: 18.106 Executing VM operation: G1CollectForAllocation
Event: 18.157 Executing VM operation: G1CollectForAllocation done
Event: 18.474 loading class java/lang/Math$RandomNumberGeneratorHolder
Event: 18.474 loading class java/lang/Math$RandomNumberGeneratorHolder done


Dynamic libraries:
0x00007ff748dd0000 - 0x00007ff748ddf000 	C:\Program Files\Java\jdk-14.0.2\bin\javaw.exe
0x00007ffe3d010000 - 0x00007ffe3d205000 	C:\WINDOWS\SYSTEM32\ntdll.dll
0x00007ffe3caf0000 - 0x00007ffe3cbad000 	C:\WINDOWS\System32\KERNEL32.DLL
0x00007ffe3a750000 - 0x00007ffe3aa19000 	C:\WINDOWS\System32\KERNELBASE.dll
0x00007ffe3ab30000 - 0x00007ffe3ac30000 	C:\WINDOWS\System32\ucrtbase.dll
0x00007ffe34a80000 - 0x00007ffe34a98000 	C:\Program Files\Java\jdk-14.0.2\bin\jli.dll
0x00007ffe3b9d0000 - 0x00007ffe3ba7c000 	C:\WINDOWS\System32\ADVAPI32.dll
0x00007ffe3c6b0000 - 0x00007ffe3c74e000 	C:\WINDOWS\System32\msvcrt.dll
0x00007ffe3bd20000 - 0x00007ffe3bdbc000 	C:\WINDOWS\System32\sechost.dll
0x00007ffe3c7b0000 - 0x00007ffe3c8db000 	C:\WINDOWS\System32\RPCRT4.dll
0x00007ffe3c2e0000 - 0x00007ffe3c480000 	C:\WINDOWS\System32\USER32.dll
0x00007ffe3ae40000 - 0x00007ffe3ae62000 	C:\WINDOWS\System32\win32u.dll
0x00007ffe3cc30000 - 0x00007ffe3cc5a000 	C:\WINDOWS\System32\GDI32.dll
0x00007ffe3aa20000 - 0x00007ffe3ab2b000 	C:\WINDOWS\System32\gdi32full.dll
0x00007ffe3ae70000 - 0x00007ffe3af0d000 	C:\WINDOWS\System32\msvcp_win.dll
0x00007ffe34a60000 - 0x00007ffe34a75000 	C:\Program Files\Java\jdk-14.0.2\bin\VCRUNTIME140.dll
0x00007ffe28d90000 - 0x00007ffe2902a000 	C:\WINDOWS\WinSxS\amd64_microsoft.windows.common-controls_6595b64144ccf1df_6.0.19041.844_none_ca00b6081b84eb1d\COMCTL32.dll
0x00007ffe33b30000 - 0x00007ffe33b3a000 	C:\WINDOWS\SYSTEM32\VERSION.dll
0x00007ffe3ba80000 - 0x00007ffe3bab0000 	C:\WINDOWS\System32\IMM32.DLL
0x00007ffe345c0000 - 0x00007ffe3465b000 	C:\Program Files\Java\jdk-14.0.2\bin\msvcp140.dll
0x00007ffdeccc0000 - 0x00007ffded7de000 	C:\Program Files\Java\jdk-14.0.2\bin\server\jvm.dll
0x00007ffe3cfc0000 - 0x00007ffe3cfc8000 	C:\WINDOWS\System32\PSAPI.DLL
0x00007ffe2e440000 - 0x00007ffe2e449000 	C:\WINDOWS\SYSTEM32\WSOCK32.dll
0x00007ffe3c640000 - 0x00007ffe3c6ab000 	C:\WINDOWS\System32\WS2_32.dll
0x00007ffe2a380000 - 0x00007ffe2a3a7000 	C:\WINDOWS\SYSTEM32\WINMM.dll
0x00007ffe386b0000 - 0x00007ffe386c2000 	C:\WINDOWS\SYSTEM32\kernel.appcore.dll
0x00007ffe2e430000 - 0x00007ffe2e43a000 	C:\Program Files\Java\jdk-14.0.2\bin\jimage.dll
0x00007ffe242c0000 - 0x00007ffe244a4000 	C:\WINDOWS\SYSTEM32\DBGHELP.DLL
0x00007ffe24290000 - 0x00007ffe242bc000 	C:\WINDOWS\SYSTEM32\dbgcore.DLL
0x00007ffe3adc0000 - 0x00007ffe3ae40000 	C:\WINDOWS\System32\bcryptPrimitives.dll
0x00007ffe2e3a0000 - 0x00007ffe2e3c5000 	C:\Program Files\Java\jdk-14.0.2\bin\java.dll
0x00007ffe2e380000 - 0x00007ffe2e396000 	C:\Program Files\Java\jdk-14.0.2\bin\zip.dll
0x00007ffe3b070000 - 0x00007ffe3b7b2000 	C:\WINDOWS\System32\SHELL32.dll
0x00007ffe388b0000 - 0x00007ffe39040000 	C:\WINDOWS\SYSTEM32\windows.storage.dll
0x00007ffe3cc60000 - 0x00007ffe3cfb5000 	C:\WINDOWS\System32\combase.dll
0x00007ffe3a1c0000 - 0x00007ffe3a1ec000 	C:\WINDOWS\SYSTEM32\Wldp.dll
0x00007ffe3bdc0000 - 0x00007ffe3be6e000 	C:\WINDOWS\System32\SHCORE.dll
0x00007ffe3cbb0000 - 0x00007ffe3cc05000 	C:\WINDOWS\System32\shlwapi.dll
0x00007ffe3a690000 - 0x00007ffe3a6af000 	C:\WINDOWS\SYSTEM32\profapi.dll
0x00007ffe29710000 - 0x00007ffe29729000 	C:\Program Files\Java\jdk-14.0.2\bin\net.dll
0x00007ffe33d70000 - 0x00007ffe33e7c000 	C:\WINDOWS\SYSTEM32\WINHTTP.dll
0x00007ffe39f40000 - 0x00007ffe39faa000 	C:\WINDOWS\system32\mswsock.dll
0x00007ffe296f0000 - 0x00007ffe29702000 	C:\Program Files\Java\jdk-14.0.2\bin\nio.dll
0x00007ffe2e370000 - 0x00007ffe2e380000 	C:\Program Files\Java\jdk-14.0.2\bin\verify.dll
0x0000000180000000 - 0x0000000180051000 	F:\eclipse\workspace\EngineGame\lib\natives\lwjgl64.dll
0x00007ffe1c220000 - 0x00007ffe1c346000 	C:\WINDOWS\SYSTEM32\OPENGL32.dll
0x00007ffe275b0000 - 0x00007ffe275dc000 	C:\WINDOWS\SYSTEM32\GLU32.dll
0x00007ffe35a30000 - 0x00007ffe35ade000 	C:\WINDOWS\SYSTEM32\mscms.dll
0x00007ffe3a610000 - 0x00007ffe3a63e000 	C:\WINDOWS\SYSTEM32\USERENV.dll
0x00007ffe35990000 - 0x00007ffe359a1000 	C:\WINDOWS\SYSTEM32\ColorAdapterClient.dll
0x00007ffe3ca20000 - 0x00007ffe3caed000 	C:\WINDOWS\System32\OLEAUT32.dll
0x00007ffe381d0000 - 0x00007ffe3826e000 	C:\WINDOWS\system32\uxtheme.dll
0x00007ffe3c490000 - 0x00007ffe3c5a5000 	C:\WINDOWS\System32\MSCTF.dll
0x00007ffe3bab0000 - 0x00007ffe3bb59000 	C:\WINDOWS\System32\clbcatq.dll
0x00007ffdbe9b0000 - 0x00007ffdc11ef000 	C:\WINDOWS\System32\DriverStore\FileRepository\nvami.inf_amd64_6bd1377414e7a430\nvoglv64.dll
0x00007ffe3be70000 - 0x00007ffe3c2d9000 	C:\WINDOWS\System32\SETUPAPI.dll
0x00007ffe3ac30000 - 0x00007ffe3ac7e000 	C:\WINDOWS\System32\cfgmgr32.dll
0x00007ffe3ad90000 - 0x00007ffe3adb7000 	C:\WINDOWS\System32\bcrypt.dll
0x00007ffe3b840000 - 0x00007ffe3b96a000 	C:\WINDOWS\System32\ole32.dll
0x00007ffe36bc0000 - 0x00007ffe36bd4000 	C:\WINDOWS\SYSTEM32\WTSAPI32.dll
0x00007ffe3a500000 - 0x00007ffe3a52c000 	C:\WINDOWS\System32\DEVOBJ.dll
0x00007ffe3ad30000 - 0x00007ffe3ad90000 	C:\WINDOWS\System32\WINTRUST.dll
0x00007ffe3af10000 - 0x00007ffe3b06f000 	C:\WINDOWS\System32\CRYPT32.dll
0x00007ffe3a340000 - 0x00007ffe3a352000 	C:\WINDOWS\System32\MSASN1.dll
0x00007ffe394a0000 - 0x00007ffe394d3000 	C:\WINDOWS\SYSTEM32\ntmarta.dll
0x00007ffe313a0000 - 0x00007ffe313db000 	C:\WINDOWS\SYSTEM32\dxcore.dll
0x00007ffe0aa90000 - 0x00007ffe0ad49000 	C:\WINDOWS\system32\nvspcap64.dll
0x00007ffe383c0000 - 0x00007ffe383ef000 	C:\WINDOWS\SYSTEM32\dwmapi.dll
0x00007ffe39d40000 - 0x00007ffe39d8b000 	C:\WINDOWS\SYSTEM32\powrprof.dll
0x00007ffe39bc0000 - 0x00007ffe39bd2000 	C:\WINDOWS\SYSTEM32\UMPDC.dll
0x00007ffe39550000 - 0x00007ffe395aa000 	C:\WINDOWS\SYSTEM32\WINSTA.dll
0x00007ffe2e990000 - 0x00007ffe2ea8b000 	C:\WINDOWS\SYSTEM32\textinputframework.dll
0x00007ffe37bd0000 - 0x00007ffe37cc2000 	C:\WINDOWS\System32\CoreMessaging.dll
0x00007ffe37870000 - 0x00007ffe37bce000 	C:\WINDOWS\System32\CoreUIComponents.dll
0x00007ffe371a0000 - 0x00007ffe372f4000 	C:\WINDOWS\SYSTEM32\wintypes.dll
0x00007ffdfeab0000 - 0x00007ffdfeaf3000 	C:\WINDOWS\SYSTEM32\icm32.dll
0x00007ffe390a0000 - 0x00007ffe39193000 	C:\WINDOWS\SYSTEM32\dxgi.dll
0x00007ffe364c0000 - 0x00007ffe36724000 	C:\WINDOWS\SYSTEM32\d3d11.dll
0x00007ffe14690000 - 0x00007ffe14792000 	C:\WINDOWS\System32\DriverStore\FileRepository\nvami.inf_amd64_6bd1377414e7a430\nvldumdx.dll
0x00007ffe333a0000 - 0x00007ffe333d1000 	C:\WINDOWS\SYSTEM32\cryptnet.dll
0x00007ffe3a130000 - 0x00007ffe3a13c000 	C:\WINDOWS\SYSTEM32\cryptbase.dll
0x00007ffe3cc10000 - 0x00007ffe3cc2d000 	C:\WINDOWS\System32\imagehlp.dll
0x00007ffe3a110000 - 0x00007ffe3a128000 	C:\WINDOWS\System32\CRYPTSP.dll
0x00007ffe39870000 - 0x00007ffe398a4000 	C:\WINDOWS\system32\rsaenh.dll
0x00007ffe00990000 - 0x00007ffe0336b000 	C:\WINDOWS\System32\DriverStore\FileRepository\nvami.inf_amd64_6bd1377414e7a430\nvwgf2umx.dll
0x00007ffe2a7a0000 - 0x00007ffe2acf0000 	C:\WINDOWS\SYSTEM32\nvapi64.dll
0x00007ffe2f2a0000 - 0x00007ffe3016b000 	C:\WINDOWS\SYSTEM32\igd10iumd64.dll
0x00007ffe3a230000 - 0x00007ffe3a257000 	C:\WINDOWS\SYSTEM32\ncrypt.dll
0x00007ffe3a1f0000 - 0x00007ffe3a22b000 	C:\WINDOWS\SYSTEM32\NTASN1.dll
0x00007ffe307d0000 - 0x00007ffe31210000 	C:\WINDOWS\SYSTEM32\igdusc64.dll
0x00007ffdfced0000 - 0x00007ffdfd069000 	C:\Program Files\Java\jdk-14.0.2\bin\awt.dll
0x00007ffe37f40000 - 0x00007ffe37fd0000 	C:\WINDOWS\SYSTEM32\apphelp.dll
0x00007ffe39be0000 - 0x00007ffe39c1b000 	C:\WINDOWS\SYSTEM32\IPHLPAPI.DLL
0x00007ffe3c480000 - 0x00007ffe3c488000 	C:\WINDOWS\System32\NSI.dll
0x00007ffe306e0000 - 0x00007ffe306f7000 	C:\WINDOWS\SYSTEM32\dhcpcsvc6.DLL
0x00007ffe312a0000 - 0x00007ffe312bd000 	C:\WINDOWS\SYSTEM32\dhcpcsvc.DLL
0x00007ffe39c20000 - 0x00007ffe39ceb000 	C:\WINDOWS\SYSTEM32\DNSAPI.dll

dbghelp: loaded successfully - version: 4.0.5 - missing functions: none
symbol engine: initialized successfully - sym options: 0x614 - pdb path: .;C:\Program Files\Java\jdk-14.0.2\bin;C:\WINDOWS\SYSTEM32;C:\WINDOWS\WinSxS\amd64_microsoft.windows.common-controls_6595b64144ccf1df_6.0.19041.844_none_ca00b6081b84eb1d;C:\Program Files\Java\jdk-14.0.2\bin\server;F:\eclipse\workspace\EngineGame\lib\natives;C:\WINDOWS\System32\DriverStore\FileRepository\nvami.inf_amd64_6bd1377414e7a430

VM Arguments:
jvm_args: -Djava.library.path=F:\eclipse\workspace\EngineGame\lib\natives -Dfile.encoding=Cp1252 -XX:+ShowCodeDetailsInExceptionMessages 
java_command: engineTester.MainMenu
java_class_path (initial): F:\eclipse\workspace\EngineGame\bin;F:\eclipse\workspace\EngineGame\lib\jars\lwjgl_util.jar;F:\eclipse\workspace\EngineGame\lib\jars\lwjgl.jar;F:\eclipse\workspace\EngineGame\lib\jars\slick-util.jar;F:\eclipse\workspace\EngineGame\lib\jars\PNGDecoder.jar
Launcher Type: SUN_STANDARD

[Global flags]
     intx CICompilerCount                          = 3                                         {product} {ergonomic}
     uint ConcGCThreads                            = 1                                         {product} {ergonomic}
     uint G1ConcRefinementThreads                  = 4                                         {product} {ergonomic}
   size_t G1HeapRegionSize                         = 1048576                                   {product} {ergonomic}
    uintx GCDrainStackTargetSize                   = 64                                        {product} {ergonomic}
   size_t InitialHeapSize                          = 134217728                                 {product} {ergonomic}
   size_t MarkStackSize                            = 4194304                                   {product} {ergonomic}
   size_t MaxHeapSize                              = 2116026368                                {product} {ergonomic}
   size_t MaxNewSize                               = 1268776960                                {product} {ergonomic}
   size_t MinHeapDeltaBytes                        = 1048576                                   {product} {ergonomic}
   size_t MinHeapSize                              = 8388608                                   {product} {ergonomic}
    uintx NonNMethodCodeHeapSize                   = 5832780                                {pd product} {ergonomic}
    uintx NonProfiledCodeHeapSize                  = 122912730                              {pd product} {ergonomic}
    uintx ProfiledCodeHeapSize                     = 122912730                              {pd product} {ergonomic}
    uintx ReservedCodeCacheSize                    = 251658240                              {pd product} {ergonomic}
     bool SegmentedCodeCache                       = true                                      {product} {ergonomic}
     bool ShowCodeDetailsInExceptionMessages       = true                                   {manageable} {command line}
   size_t SoftMaxHeapSize                          = 2116026368                             {manageable} {ergonomic}
     bool UseCompressedClassPointers               = true                                 {lp64_product} {ergonomic}
     bool UseCompressedOops                        = true                                 {lp64_product} {ergonomic}
     bool UseG1GC                                  = true                                      {product} {ergonomic}
     bool UseLargePagesIndividualAllocation        = false                                  {pd product} {ergonomic}

Logging:
Log output configuration:
 #0: stdout all=warning uptime,level,tags
 #1: stderr all=off uptime,level,tags

Environment Variables:
PATH=C:/Program Files/Java/jdk-14.0.2/bin/server;C:/Program Files/Java/jdk-14.0.2/bin;C:\Program Files (x86)\Common Files\Oracle\Java\javapath;C:\WINDOWS\system32;C:\WINDOWS;C:\WINDOWS\System32\Wbem;C:\WINDOWS\System32\WindowsPowerShell\v1.0\;C:\WINDOWS\System32\OpenSSH\;C:\Program Files (x86)\NVIDIA Corporation\PhysX\Common;C:\Program Files\NVIDIA Corporation\NVIDIA NvDLISR;C:\Program Files\dotnet\;C:\WINDOWS\system32;C:\WINDOWS;C:\WINDOWS\System32\Wbem;C:\WINDOWS\System32\WindowsPowerShell\v1.0\;C:\WINDOWS\System32\OpenSSH\;C:\Program Files (x86)\dotnet\;C:\Users\KÖLN\AppData\Local\Microsoft\WindowsApps;C:\Users\KÖLN\AppData\Local\Programs\Microsoft VS Code\bin;C:\Users\KÖLN\.android;C:\Users\KÖLN\.android\avd;C:\Users\KÖLN\.dotnet\tools;C:\Users\KÖLN\AppData\Local\GitHubDesktop\bin;;C:\Users\KÖLN\Desktop;
USERNAME=KÖLN
OS=Windows_NT
PROCESSOR_IDENTIFIER=Intel64 Family 6 Model 69 Stepping 1, GenuineIntel



---------------  S Y S T E M  ---------------

OS: Windows 10 , 64 bit Build 19041 (10.0.19041.804)
OS uptime: 1 days 2:39 hours

CPU:total 4 (initial active 4) (2 cores per cpu, 2 threads per core) family 6 model 69 stepping 1, cmov, cx8, fxsr, mmx, sse, sse2, sse3, ssse3, sse4.1, sse4.2, popcnt, avx, avx2, aes, clmul, erms, lzcnt, ht, tsc, tscinvbit, bmi1, bmi2, fma

Memory: 4k page, system-wide physical 8070M (2477M free)
TotalPageFile size 14214M (AvailPageFile size 4162M)
current process WorkingSet (physical memory assigned to process): 284M, peak: 337M
current process commit charge ("private bytes"): 500M, peak: 550M

vm_info: Java HotSpot(TM) 64-Bit Server VM (14.0.2+12-46) for windows-amd64 JRE (14.0.2+12-46), built on Jul  9 2020 00:35:52 by "mach5one" with MS VC++ 15.9 (VS2017)

END.
